1763437075021 unknown -> JOIN Player1
1763437076581 Player1 -> LOBBY_SETTINGS 60 2 6 1 5 2000 5000 12
1763437076582 Player1 -> START_GAME
1763437084872 Player1 -> LOCK 4
1763437084878 Player1 -> CLICK 4
1763437088383 Player1 -> LOCK 5
1763437088383 Player1 -> CLICK 5
1763437095785 Player1 -> LOCK 13
1763437095785 Player1 -> CLICK 13
1763437098837 Player1 -> LOCK 11
1763437098837 Player1 -> CLICK 11
1763437103803 Player1 -> LOCK 10
1763437103803 Player1 -> CLICK 10
1763437126820 Player1 -> LOCK 17
1763437126820 Player1 -> CLICK 17
1763437126992 Player1 -> LOCK 6
1763437126993 Player1 -> CLICK 6
1763437127937 Player1 -> LOCK 1
1763437127937 Player1 -> CLICK 1
1763437128627 Player1 -> LOCK 14
1763437128627 Player1 -> CLICK 14
1763437129392 Player1 -> LOCK 19
1763437129392 Player1 -> CLICK 19
1763437131079 Player1 -> LOCK 16
1763437131079 Player1 -> CLICK 16
1763437131658 Player1 -> LOCK 12
1763437131658 Player1 -> CLICK 12
1763437134327 Player1 -> LOCK 20
1763437134327 Player1 -> CLICK 20
1763437135302 Player1 -> LOCK 22
1763437135302 Player1 -> CLICK 22
1763437136735 Player1 -> LOCK 21
1763437136735 Player1 -> CLICK 21
1763437622124 unknown -> JOIN Player1
1763437645446 unknown -> JOIN Player2
1763437653403 Player2 -> LOBBY_SETTINGS 60 2 6 1 5 2000 5000 12
1763437653403 Player2 -> START_GAME
1763437654955 Player1 -> LOBBY_SETTINGS 30 2 6 1 5 2000 5000 12
1763437654956 Player1 -> START_GAME
1763437668407 Player1 -> LOCK 1
1763437668412 Player1 -> CLICK 1
1763437672456 Player1 -> LOCK 5
1763437672457 Player1 -> CLICK 5
1763437678075 Player1 -> LOCK 2
1763437678075 Player1 -> CLICK 2
1763437679912 Player1 -> LOCK 7
1763437679912 Player1 -> CLICK 7
1763437681224 Player2 -> LOCK 3
1763437681225 Player2 -> CLICK 3
1763438496698 unknown -> JOIN Player1
1763438499092 Player1 -> LOBBY_SETTINGS 60 2 6 1 5 2000 5000 12
1763438499092 Player1 -> START_GAME
1763438702785 unknown -> JOIN Player1
1763438704065 Player1 -> LOBBY_SETTINGS 60 2 6 1 5 2000 5000 12
1763438704067 Player1 -> START_GAME
1763438758927 unknown -> JOIN Player1
1763438774963 unknown -> JOIN Player1
1763438778023 Player1 -> LOBBY_SETTINGS 60 2 6 1 5 2000 5000 12
1763438778023 Player1 -> START_GAME
1763438791317 Player1 -> LOCK 6
1763438791323 Player1 -> CLICK 6
1763439513124 unknown -> JOIN Player1
1763439514032 Player1 -> LOBBY_SETTINGS 60 2 6 1 5 2000 5000 12
1763439514032 Player1 -> START_GAME
1763439516353 Player1 -> LOCK 3
1763439516359 Player1 -> CLICK 3
1763439519383 Player1 -> LOCK 4
1763439519384 Player1 -> CLICK 4
1763439521528 Player1 -> LOCK 5
1763439521529 Player1 -> CLICK 5
1763439523411 Player1 -> LOCK 1
1763439523411 Player1 -> CLICK 1
1763439527243 Player1 -> LOCK 6
1763439527244 Player1 -> CLICK 6
1763439531105 Player1 -> LOCK 2
1763439531106 Player1 -> CLICK 2
1763439533745 Player1 -> LOCK 8
1763439533745 Player1 -> CLICK 8
1763439536138 Player1 -> LOCK 7
1763439536139 Player1 -> CLICK 7
1763439542070 Player1 -> LOCK 9
1763439542071 Player1 -> CLICK 9
1763439543188 Player1 -> LOCK 11
1763439543188 Player1 -> CLICK 11
1763439543916 Player1 -> LOCK 12
1763439543916 Player1 -> CLICK 12
1763439544763 Player1 -> LOCK 10
1763439544764 Player1 -> CLICK 10
1763439545948 Player1 -> LOCK 13
1763439545948 Player1 -> CLICK 13
1763439548333 Player1 -> LOCK 14
1763439548334 Player1 -> CLICK 14
1763439553335 Player1 -> LOCK 15
1763439553336 Player1 -> CLICK 15
1763439559253 Player1 -> LOCK 17
1763439559253 Player1 -> CLICK 17
1763439561414 Player1 -> LOCK 16
1763439561414 Player1 -> CLICK 16
1763439567053 Player1 -> LOCK 18
1763439567054 Player1 -> CLICK 18
1763439574141 Player1 -> LOCK 19
1763439574142 Player1 -> CLICK 19
1763439782230 unknown -> JOIN Player1
1763439783123 Player1 -> LOBBY_SETTINGS 60 2 6 1 5 2000 5000 12
1763439783123 Player1 -> START_GAME
